Arguments: 
  /usr/local/bin/node /Users/caomintao/.yarn/bin/yarn.js add sensd

PATH: 
  /Users/caomintao/.yarn/bin:/Users/caomintao/.config/yarn/global/node_modules/.bin:/usr/local/bin:/Users/caomintao/.yarn/bin:/Users/caomintao/.config/yarn/global/node_modules/.bin:/usr/local/bin:/usr/bin:/bin:/usr/sbin:/sbin:/opt/homebrew/bin

Yarn version: 
  1.22.19

Node version: 
  14.17.6

Platform: 
  darwin x64

Trace: 
  Error: https://registry.npmjs.com/sensd: Not found
      at Request.params.callback [as _callback] (/Users/caomintao/.yarn/lib/cli.js:66145:18)
      at Request.self.callback (/Users/caomintao/.yarn/lib/cli.js:140890:22)
      at Request.emit (events.js:400:28)
      at Request.<anonymous> (/Users/caomintao/.yarn/lib/cli.js:141862:10)
      at Request.emit (events.js:400:28)
      at IncomingMessage.<anonymous> (/Users/caomintao/.yarn/lib/cli.js:141784:12)
      at Object.onceWrapper (events.js:519:28)
      at IncomingMessage.emit (events.js:412:35)
      at endReadableNT (internal/streams/readable.js:1317:12)
      at processTicksAndRejections (internal/process/task_queues.js:82:21)

npm manifest: 
  {
    "private": true,
    "author": "caomintao <caomintao@sensorsdata.cn>",
    "scripts": {
      "dev": "max dev",
      "build": "max build",
      "format": "prettier --cache --write .",
      "prepare": "husky install",
      "postinstall": "max setup",
      "setup": "max setup",
      "start": "npm run dev"
    },
    "dependencies": {
      "@ant-design/icons": "^5.0.1",
      "@ant-design/pro-components": "^2.4.4",
      "@umijs/max": "^4.0.75",
      "antd": "^5.4.0"
    },
    "devDependencies": {
      "@types/react": "^18.0.33",
      "@types/react-dom": "^18.0.11",
      "husky": "^8.0.3",
      "lint-staged": "^13.2.0",
      "prettier": "^2.8.7",
      "prettier-plugin-organize-imports": "^3.2.2",
      "prettier-plugin-packagejson": "^2.4.3",
      "typescript": "^5.0.3"
    }
  }

yarn manifest: 
  No manifest

Lockfile: 
  No lockfile
